[20230321_204744] index:0;amount:42;created
[20230321_204744] index:1;amount:54;created
[20230321_204744] index:2;amount:957;created
[20230321_204744] index:3;amount:432;created
[20230321_204744] index:4;amount:1234;created
[20230321_204744] index:5;amount:0;created
[20230321_204744] index:6;amount:754;created
[20230321_204744] index:7;amount:16576;created
[20230321_204744] accounts:8;total:20049;deposits:0;withdrawals:0
[20230321_204744] index:0;amount:42;deposits:0;withdrawals:0
[20230321_204744] index:1;amount:54;deposits:0;withdrawals:0
[20230321_204744] index:2;amount:957;deposits:0;withdrawals:0
[20230321_204744] index:3;amount:432;deposits:0;withdrawals:0
[20230321_204744] index:4;amount:1234;deposits:0;withdrawals:0
[20230321_204744] index:5;amount:0;deposits:0;withdrawals:0
[20230321_204744] index:6;amount:754;deposits:0;withdrawals:0
[20230321_204744] index:7;amount:16576;deposits:0;withdrawals:0
[20230321_204744] accounts:8;total:20049;deposits:8;withdrawals:0
[20230321_204744] index:0;amount:47;deposits:1;withdrawals:0
[20230321_204744] index:1;amount:819;deposits:1;withdrawals:0
[20230321_204744] index:2;amount:1521;deposits:1;withdrawals:0
[20230321_204744] index:3;amount:434;deposits:1;withdrawals:0
[20230321_204744] index:4;amount:1321;deposits:1;withdrawals:0
[20230321_204744] index:5;amount:23;deposits:1;withdrawals:0
[20230321_204744] index:6;amount:763;deposits:1;withdrawals:0
[20230321_204744] index:7;amount:16596;deposits:1;withdrawals:0
[20230321_204744] accounts:8;total:20049;deposits:8;withdrawals:6
[20230321_204744] index:0;amount:47;deposits:1;withdrawals:0
[20230321_204744] index:1;amount:785;deposits:1;withdrawals:1
[20230321_204744] index:2;amount:864;deposits:1;withdrawals:1
[20230321_204744] index:3;amount:430;deposits:1;withdrawals:1
[20230321_204744] index:4;amount:1245;deposits:1;withdrawals:1
[20230321_204744] index:5;amount:23;deposits:1;withdrawals:0
[20230321_204744] index:6;amount:106;deposits:1;withdrawals:1
[20230321_204744] index:7;amount:8942;deposits:1;withdrawals:1
index:7;amount:8942;closed
index:6;amount:106;closed
index:5;amount:23;closed
index:4;amount:1245;closed
index:3;amount:430;closed
index:2;amount:864;closed
index:1;amount:785;closed
index:0;amount:47;closed
[20230321_205010] index:0;amount:42;created
[20230321_205010] index:1;amount:54;created
[20230321_205010] index:2;amount:957;created
[20230321_205010] index:3;amount:432;created
[20230321_205010] index:4;amount:1234;created
[20230321_205010] index:5;amount:0;created
[20230321_205010] index:6;amount:754;created
[20230321_205010] index:7;amount:16576;created
[20230321_205010] accounts:8;total:20049;deposits:0;withdrawals:0
[20230321_205010] index:0;amount:42;deposits:0;withdrawals:0
[20230321_205010] index:1;amount:54;deposits:0;withdrawals:0
[20230321_205010] index:2;amount:957;deposits:0;withdrawals:0
[20230321_205010] index:3;amount:432;deposits:0;withdrawals:0
[20230321_205010] index:4;amount:1234;deposits:0;withdrawals:0
[20230321_205010] index:5;amount:0;deposits:0;withdrawals:0
[20230321_205010] index:6;amount:754;deposits:0;withdrawals:0
[20230321_205010] index:7;amount:16576;deposits:0;withdrawals:0
[20230321_205010] accounts:8;total:20049;deposits:8;withdrawals:0
[20230321_205010] index:0;amount:47;deposits:1;withdrawals:0
[20230321_205010] index:1;amount:819;deposits:1;withdrawals:0
[20230321_205010] index:2;amount:1521;deposits:1;withdrawals:0
[20230321_205010] index:3;amount:434;deposits:1;withdrawals:0
[20230321_205010] index:4;amount:1321;deposits:1;withdrawals:0
[20230321_205010] index:5;amount:23;deposits:1;withdrawals:0
[20230321_205010] index:6;amount:763;deposits:1;withdrawals:0
[20230321_205010] index:7;amount:16596;deposits:1;withdrawals:0
[20230321_205010] accounts:8;total:20049;deposits:8;withdrawals:6
[20230321_205010] index:0;amount:47;deposits:1;withdrawals:0
[20230321_205010] index:1;amount:785;deposits:1;withdrawals:1
[20230321_205010] index:2;amount:864;deposits:1;withdrawals:1
[20230321_205010] index:3;amount:430;deposits:1;withdrawals:1
[20230321_205010] index:4;amount:1245;deposits:1;withdrawals:1
[20230321_205010] index:5;amount:23;deposits:1;withdrawals:0
[20230321_205010] index:6;amount:106;deposits:1;withdrawals:1
[20230321_205010] index:7;amount:8942;deposits:1;withdrawals:1
[20230321_205010] index:7;amount:8942;closed
[20230321_205010] index:6;amount:106;closed
[20230321_205010] index:5;amount:23;closed
[20230321_205010] index:4;amount:1245;closed
[20230321_205010] index:3;amount:430;closed
[20230321_205010] index:2;amount:864;closed
[20230321_205010] index:1;amount:785;closed
[20230321_205010] index:0;amount:47;closed
